0 info it worked if it ends with ok
1 verbose cli [ '/home/abhigyan/.nvm/versions/node/v7.5.0/bin/node',
1 verbose cli   '/home/abhigyan/.nvm/versions/node/v7.5.0/bin/npm',
1 verbose cli   'start' ]
2 info using npm@4.1.2
3 info using node@v7.5.0
4 verbose stack Error: missing script: start
4 verbose stack     at run (/home/abhigyan/.nvm/versions/node/v7.5.0/lib/node_modules/npm/lib/run-script.js:151:19)
4 verbose stack     at /home/abhigyan/.nvm/versions/node/v7.5.0/lib/node_modules/npm/lib/run-script.js:61:5
4 verbose stack     at /home/abhigyan/.nvm/versions/node/v7.5.0/lib/node_modules/npm/node_modules/read-package-json/read-json.js:356:5
4 verbose stack     at checkBinReferences_ (/home/abhigyan/.nvm/versions/node/v7.5.0/lib/node_modules/npm/node_modules/read-package-json/read-json.js:320:45)
4 verbose stack     at final (/home/abhigyan/.nvm/versions/node/v7.5.0/lib/node_modules/npm/node_modules/read-package-json/read-json.js:354:3)
4 verbose stack     at then (/home/abhigyan/.nvm/versions/node/v7.5.0/lib/node_modules/npm/node_modules/read-package-json/read-json.js:124:5)
4 verbose stack     at /home/abhigyan/.nvm/versions/node/v7.5.0/lib/node_modules/npm/node_modules/read-package-json/read-json.js:311:12
4 verbose stack     at /home/abhigyan/.nvm/versions/node/v7.5.0/lib/node_modules/npm/node_modules/graceful-fs/graceful-fs.js:78:16
4 verbose stack     at tryToString (fs.js:426:3)
4 verbose stack     at FSReqWrap.readFileAfterClose [as oncomplete] (fs.js:413:12)
5 verbose cwd /home/abhigyan/Workspace/node_workspace/workshop2.0/combined/node-todo-api
6 error Linux 4.4.0-72-generic
7 error argv "/home/abhigyan/.nvm/versions/node/v7.5.0/bin/node" "/home/abhigyan/.nvm/versions/node/v7.5.0/bin/npm" "start"
8 error node v7.5.0
9 error npm  v4.1.2
10 error missing script: start
11 error If you need help, you may report this error at:
11 error     <https://github.com/npm/npm/issues>
12 verbose exit [ 1, true ]
